<?xml version="1.0" encoding="UTF-8"?>
<!-- Generated by org.testng.reporters.JUnitReportReporter -->
<testsuite hostname="MKAsusZenbook" name="org.iit.mmp.mmp_iit.US_008_PatientFeeTest" tests="2" failures="0" timestamp="1 Mar 2019 00:37:15 GMT" time="18.445" errors="0">
  <testcase name="adminFeeTest" time="8.536" classname="org.iit.mmp.mmp_iit.US_008_PatientFeeTest"/>
  <testcase name="patientFeeTest" time="9.909" classname="org.iit.mmp.mmp_iit.US_008_PatientFeeTest"/>
</testsuite> <!-- org.iit.mmp.mmp_iit.US_008_PatientFeeTest -->
